Performing C SOURCE FILE Test CMAKE_HAVE_LIBC_PTHREAD failed with the following output:
Change Dir: /home/daria/TihDasha/workspace/projects/lab07/_builds/clang-cxx14/CMakeFiles/CMakeTmp

Run Build Command(s):/usr/bin/make cmTC_178ed/fast && /usr/bin/make -f CMakeFiles/cmTC_178ed.dir/build.make CMakeFiles/cmTC_178ed.dir/build
make[1]: вход в каталог «/home/daria/TihDasha/workspace/projects/lab07/_builds/clang-cxx14/CMakeFiles/CMakeTmp»
Building C object CMakeFiles/cmTC_178ed.dir/src.c.o
/usr/bin/clang   -DCMAKE_HAVE_LIBC_PTHREAD   -o CMakeFiles/cmTC_178ed.dir/src.c.o   -c /home/daria/TihDasha/workspace/projects/lab07/_builds/clang-cxx14/CMakeFiles/CMakeTmp/src.c
Linking C executable cmTC_178ed
/usr/bin/cmake -E cmake_link_script CMakeFiles/cmTC_178ed.dir/link.txt --verbose=1
/usr/bin/clang  -DCMAKE_HAVE_LIBC_PTHREAD    -rdynamic CMakeFiles/cmTC_178ed.dir/src.c.o  -o cmTC_178ed 
/usr/bin/ld: CMakeFiles/cmTC_178ed.dir/src.c.o: в функции «main»:
src.c:(.text+0x35): неопределённая ссылка на «pthread_create»
/usr/bin/ld: src.c:(.text+0x41): неопределённая ссылка на «pthread_detach»
/usr/bin/ld: src.c:(.text+0x53): неопределённая ссылка на «pthread_join»
clang: error: linker command failed with exit code 1 (use -v to see invocation)
make[1]: *** [CMakeFiles/cmTC_178ed.dir/build.make:87: cmTC_178ed] Ошибка 1
make[1]: выход из каталога «/home/daria/TihDasha/workspace/projects/lab07/_builds/clang-cxx14/CMakeFiles/CMakeTmp»
make: *** [Makefile:121: cmTC_178ed/fast] Ошибка 2


Source file was:
#include <pthread.h>

void* test_func(void* data)
{
  return data;
}

int main(void)
{
  pthread_t thread;
  pthread_create(&thread, NULL, test_func, NULL);
  pthread_detach(thread);
  pthread_join(thread, NULL);
  pthread_atfork(NULL, NULL, NULL);
  pthread_exit(NULL);

  return 0;
}

