Performing C SOURCE FILE Test CMAKE_HAVE_LIBC_PTHREAD failed with the following output:
Change Dir: /home/daria/TihDasha/workspace/projects/lab07/_builds/CMakeFiles/CMakeTmp

Run Build Command(s):/usr/bin/make cmTC_21eac/fast && /usr/bin/make -f CMakeFiles/cmTC_21eac.dir/build.make CMakeFiles/cmTC_21eac.dir/build
make[1]: вход в каталог «/home/daria/TihDasha/workspace/projects/lab07/_builds/CMakeFiles/CMakeTmp»
Building C object CMakeFiles/cmTC_21eac.dir/src.c.o
/usr/bin/cc   -DCMAKE_HAVE_LIBC_PTHREAD   -o CMakeFiles/cmTC_21eac.dir/src.c.o   -c /home/daria/TihDasha/workspace/projects/lab07/_builds/CMakeFiles/CMakeTmp/src.c
Linking C executable cmTC_21eac
/usr/bin/cmake -E cmake_link_script CMakeFiles/cmTC_21eac.dir/link.txt --verbose=1
/usr/bin/cc  -DCMAKE_HAVE_LIBC_PTHREAD    -rdynamic CMakeFiles/cmTC_21eac.dir/src.c.o  -o cmTC_21eac 
/home/linuxbrew/.linuxbrew/bin/ld: CMakeFiles/cmTC_21eac.dir/src.c.o: in function `main':
src.c:(.text+0x46): undefined reference to `pthread_create'
/home/linuxbrew/.linuxbrew/bin/ld: src.c:(.text+0x52): undefined reference to `pthread_detach'
/home/linuxbrew/.linuxbrew/bin/ld: src.c:(.text+0x63): undefined reference to `pthread_join'
collect2: error: ld returned 1 exit status
make[1]: *** [CMakeFiles/cmTC_21eac.dir/build.make:87: cmTC_21eac] Ошибка 1
make[1]: выход из каталога «/home/daria/TihDasha/workspace/projects/lab07/_builds/CMakeFiles/CMakeTmp»
make: *** [Makefile:121: cmTC_21eac/fast] Ошибка 2


Source file was:
#include <pthread.h>

void* test_func(void* data)
{
  return data;
}

int main(void)
{
  pthread_t thread;
  pthread_create(&thread, NULL, test_func, NULL);
  pthread_detach(thread);
  pthread_join(thread, NULL);
  pthread_atfork(NULL, NULL, NULL);
  pthread_exit(NULL);

  return 0;
}

